Deadlock Detection:

No deadlocks found.

Thread 15111: (state = BLOCKED)
 - java.lang.Object.wait(long) @bci=0 (Interpreted frame)
 - com.sun.jini.thread.TaskManager$TaskThread.run() @bci=115, line=393 (Interpreted frame)


Thread 64003: (state = BLOCKED)
 - java.lang.Object.wait(long) @bci=0 (Interpreted frame)
 - com.sun.jini.thread.WakeupManager$Kicker.run() @bci=251, line=606 (Interpreted frame)
 - java.lang.Thread.run() @bci=11, line=744 (Interpreted frame)


Thread 63491: (state = BLOCKED)
 - java.lang.Object.wait(long) @bci=0 (Interpreted frame)
 - com.gigaspaces.internal.server.space.SpaceEngine.waitForBlockingAnswer(long, com.j_spaces.core.AnswerHolder, long, com.gigaspaces.internal.server.storage.ITemplateHolder) @bci=71, line=1243 (Interpreted frame)
 - com.gigaspaces.internal.server.space.SpaceEngine.unsafeRead(com.gigaspaces.internal.transport.ITemplatePacket, net.jini.core.transaction.Transaction, long, boolean, boolean, com.j_spaces.core.SpaceContext, boolean, boolean, boolean, int, com.gigaspaces.internal.server.space.ReadByIdsInfo, java.util.Map) @bci=640, line=1209 (Interpreted frame)
 - com.gigaspaces.internal.server.space.SpaceEngine.read(com.gigaspaces.internal.transport.ITemplatePacket, net.jini.core.transaction.Transaction, long, boolean, boolean, com.j_spaces.core.SpaceContext, boolean, boolean, boolean, int) @bci=38, line=1100 (Interpreted frame)
 - com.gigaspaces.internal.server.space.SpaceImpl.read(com.gigaspaces.internal.transport.ITemplatePacket, net.jini.core.transaction.Transaction, long, boolean, boolean, com.j_spaces.core.client.IJSpaceProxyListener, com.j_spaces.core.SpaceContext, boolean, int) @bci=41, line=2178 (Interpreted frame)
 - com.gigaspaces.internal.server.space.operations.ReadTakeEntrySpaceOperation.execute(com.gigaspaces.internal.client.spaceproxy.operations.ReadTakeEntrySpaceOperationRequest, com.gigaspaces.internal.client.spaceproxy.operations.ReadTakeEntrySpaceOperationResult, com.gigaspaces.internal.server.space.SpaceImpl, boolean) @bci=52, line=32 (Interpreted frame)
 - com.gigaspaces.internal.server.space.operations.ReadTakeEntrySpaceOperation.execute(com.gigaspaces.internal.remoting.RemoteOperationRequest, com.gigaspaces.internal.remoting.RemoteOperationResult, com.gigaspaces.internal.server.space.SpaceImpl, boolean) @bci=12, line=22 (Interpreted frame)
 - com.gigaspaces.internal.server.space.operations.SpaceOperationsExecutor.executeOperation(com.gigaspaces.internal.remoting.RemoteOperationRequest, com.gigaspaces.internal.server.space.SpaceImpl, boolean) @bci=189, line=77 (Interpreted frame)
 - com.gigaspaces.internal.server.space.SpaceImpl.executeOperation(com.gigaspaces.internal.remoting.RemoteOperationRequest) @bci=7, line=1832 (Interpreted frame)
 - com.gigaspaces.internal.lrmi.stubs.LRMISpaceImpl.executeOperation(com.gigaspaces.internal.remoting.RemoteOperationRequest) @bci=8, line=843 (Interpreted frame)
 - com.gigaspaces.internal.remoting.routing.embedded.EmbeddedRemoteOperationRouter.executeImpl(com.gigaspaces.internal.remoting.RemoteOperationRequest, boolean) @bci=43, line=75 (Interpreted frame)
 - com.gigaspaces.internal.remoting.routing.embedded.EmbeddedRemoteOperationRouter.execute(com.gigaspaces.internal.remoting.RemoteOperationRequest) @bci=3, line=60 (Interpreted frame)
 - com.gigaspaces.internal.client.spaceproxy.router.SpaceProxyRouter.execute(com.gigaspaces.internal.remoting.RemoteOperationRequest) @bci=5, line=233 (Interpreted frame)
 - com.gigaspaces.internal.client.spaceproxy.actions.SpaceProxyImplReadTakeAction.readTake(com.gigaspaces.internal.client.spaceproxy.SpaceProxyImpl, com.gigaspaces.internal.client.spaceproxy.actioninfo.ReadTakeProxyActionInfo) @bci=69, line=60 (Interpreted frame)
 - com.gigaspaces.internal.client.spaceproxy.actions.SpaceProxyImplReadTakeAction.take(com.gigaspaces.internal.client.spaceproxy.SpaceProxyImpl, com.gigaspaces.internal.client.spaceproxy.actioninfo.ReadTakeProxyActionInfo) @bci=3, line=38 (Interpreted frame)
 - com.gigaspaces.internal.client.spaceproxy.actions.SpaceProxyImplReadTakeAction.take(com.gigaspaces.internal.client.spaceproxy.ISpaceProxy, com.gigaspaces.internal.client.spaceproxy.actioninfo.ReadTakeProxyActionInfo) @bci=6, line=25 (Interpreted frame)
 - com.gigaspaces.internal.client.spaceproxy.actions.AbstractSpaceProxyActionManager.take(com.gigaspaces.internal.client.spaceproxy.actioninfo.ReadTakeProxyActionInfo) @bci=9, line=363 (Interpreted frame)
 - com.gigaspaces.internal.client.spaceproxy.actions.AbstractSpaceProxyActionManager.take(java.lang.Object, net.jini.core.transaction.Transaction, long, int, boolean) @bci=24, line=339 (Interpreted frame)
 - com.gigaspaces.internal.client.spaceproxy.AbstractSpaceProxy.take(java.lang.Object, net.jini.core.transaction.Transaction, long, int, boolean) @bci=11, line=318 (Interpreted frame)
 - org.openspaces.core.DefaultGigaSpace.take(java.lang.Object, long, int) @bci=13, line=858 (Interpreted frame)
 - org.openspaces.events.polling.receive.SingleTakeReceiveOperationHandler.doReceiveBlocking(java.lang.Object, org.openspaces.core.GigaSpace, long) @bci=46, line=42 (Interpreted frame)
 - org.openspaces.events.polling.receive.AbstractNonBlockingReceiveOperationHandler.receive(java.lang.Object, org.openspaces.core.GigaSpace, long) @bci=11, line=60 (Interpreted frame)
 - org.openspaces.events.polling.AbstractPollingEventListenerContainer.receiveEvent(java.lang.Object) @bci=13, line=356 (Interpreted frame)
 - org.openspaces.events.polling.AbstractPollingEventListenerContainer.doReceiveAndExecute(org.openspaces.events.SpaceDataEventListener, java.lang.Object, org.springframework.transaction.TransactionStatus) @bci=2, line=278 (Interpreted frame)
 - org.openspaces.events.polling.AbstractPollingEventListenerContainer.receiveAndExecute(org.openspaces.events.SpaceDataEventListener) @bci=132, line=255 (Interpreted frame)
 - org.openspaces.events.polling.SimplePollingEventListenerContainer$AsyncEventListenerInvoker.invokeListener() @bci=30, line=721 (Interpreted frame)
 - org.openspaces.events.polling.SimplePollingEventListenerContainer$AsyncEventListenerInvoker.run() @bci=85, line=662 (Interpreted frame)
 - java.lang.Thread.run() @bci=11, line=744 (Interpreted frame)


Thread 62979: (state = BLOCKED)
 - java.lang.Object.wait(long) @bci=0 (Interpreted frame)
 - net.jini.lease.LeaseRenewalManager$QueuerTask.run() @bci=97, line=1581 (Interpreted frame)
 - com.sun.jini.thread.TaskManager$TaskThread.run() @bci=200, line=408 (Interpreted frame)


Thread 62467: (state = BLOCKED)
 - java.lang.Object.wait(long) @bci=0 (Interpreted frame)
 - com.sun.jini.thread.TaskManager$TaskThread.run() @bci=115, line=393 (Interpreted frame)


Thread 61955: (state = BLOCKED)
 - sun.misc.Unsafe.park(boolean, long) @bci=0 (Interpreted frame)
 - java.util.concurrent.locks.LockSupport.parkNanos(java.lang.Object, long) @bci=20, line=226 (Interpreted frame)
 - java.util.concurrent.SynchronousQueue$TransferStack.awaitFulfill(java.util.concurrent.SynchronousQueue$TransferStack$SNode, boolean, long) @bci=174, line=460 (Interpreted frame)
 - java.util.concurrent.SynchronousQueue$TransferStack.transfer(java.lang.Object, boolean, long) @bci=102, line=359 (Interpreted frame)
 - java.util.concurrent.SynchronousQueue.poll(long, java.util.concurrent.TimeUnit) @bci=11, line=942 (Interpreted frame)
 - java.util.concurrent.ThreadPoolExecutor.getTask() @bci=141, line=1068 (Interpreted frame)
 - java.util.concurrent.ThreadPoolExecutor.runWorker(java.util.concurrent.ThreadPoolExecutor$Worker) @bci=26, line=1130 (Interpreted frame)
 - java.util.concurrent.ThreadPoolExecutor$Worker.run() @bci=5, line=615 (Interpreted frame)
 - java.lang.Thread.run() @bci=11, line=744 (Interpreted frame)


Thread 61443: (state = BLOCKED)
 - java.lang.Object.wait(long) @bci=0 (Interpreted frame)
 - java.lang.ref.ReferenceQueue.remove(long) @bci=44, line=135 (Interpreted frame)
 - sun.rmi.transport.DGCClient$EndpointEntry$RenewCleanThread.run() @bci=95, line=535 (Interpreted frame)
 - java.lang.Thread.run() @bci=11, line=744 (Interpreted frame)


Thread 60931: (state = BLOCKED)
 - java.lang.Object.wait(long) @bci=0 (Interpreted frame)
 - sun.misc.GC$Daemon.run() @bci=51, line=117 (Interpreted frame)


Thread 60419: (state = BLOCKED)
 - java.lang.Object.wait(long) @bci=0 (Interpreted frame)
 - java.lang.ref.ReferenceQueue.remove(long) @bci=44, line=135 (Interpreted frame)
 - java.lang.ref.ReferenceQueue.remove() @bci=2, line=151 (Interpreted frame)
 - sun.rmi.transport.ObjectTable$Reaper.run() @bci=3, line=351 (Interpreted frame)
 - java.lang.Thread.run() @bci=11, line=744 (Interpreted frame)


Thread 59907: (state = IN_NATIVE)
 - java.net.PlainSocketImpl.socketAccept(java.net.SocketImpl) @bci=0 (Interpreted frame)
 - java.net.AbstractPlainSocketImpl.accept(java.net.SocketImpl) @bci=7, line=398 (Interpreted frame)
 - java.net.ServerSocket.implAccept(java.net.Socket) @bci=60, line=530 (Interpreted frame)
 - java.net.ServerSocket.accept() @bci=48, line=498 (Interpreted frame)
 - sun.rmi.transport.tcp.TCPTransport$AcceptLoop.executeAcceptLoop() @bci=55, line=388 (Interpreted frame)
 - sun.rmi.transport.tcp.TCPTransport$AcceptLoop.run() @bci=1, line=360 (Interpreted frame)
 - java.lang.Thread.run() @bci=11, line=744 (Interpreted frame)


Thread 59395: (state = BLOCKED)
 - java.lang.Object.wait(long) @bci=0 (Interpreted frame)
 - net.jini.lease.LeaseRenewalManager$QueuerTask.run() @bci=97, line=1581 (Interpreted frame)
 - com.sun.jini.thread.TaskManager$TaskThread.run() @bci=200, line=408 (Interpreted frame)


Thread 58883: (state = BLOCKED)
 - java.lang.Thread.sleep(long) @bci=0 (Interpreted frame)
 - com.gigaspaces.lrmi.nio.watchdog.Watchdog.run() @bci=17, line=193 (Interpreted frame)


Thread 58371: (state = IN_NATIVE)
 - sun.nio.ch.KQueueArrayWrapper.kevent0(int, long, int, long) @bci=0 (Interpreted frame)
 - sun.nio.ch.KQueueArrayWrapper.poll(long) @bci=17, line=200 (Interpreted frame)
 - sun.nio.ch.KQueueSelectorImpl.doSelect(long) @bci=30, line=103 (Interpreted frame)
 - sun.nio.ch.SelectorImpl.lockAndDoSelect(long) @bci=37, line=87 (Interpreted frame)
 - sun.nio.ch.SelectorImpl.select(long) @bci=30, line=98 (Interpreted frame)
 - com.gigaspaces.lrmi.nio.selector.handler.AbstractSelectorThread.doSelect() @bci=17, line=62 (Interpreted frame)
 - com.gigaspaces.lrmi.nio.selector.handler.AbstractSelectorThread.run() @bci=25, line=51 (Interpreted frame)
 - java.lang.Thread.run() @bci=11, line=744 (Interpreted frame)


Thread 57859: (state = IN_NATIVE)
 - sun.nio.ch.KQueueArrayWrapper.kevent0(int, long, int, long) @bci=0 (Interpreted frame)
 - sun.nio.ch.KQueueArrayWrapper.poll(long) @bci=17, line=200 (Interpreted frame)
 - sun.nio.ch.KQueueSelectorImpl.doSelect(long) @bci=30, line=103 (Interpreted frame)
 - sun.nio.ch.SelectorImpl.lockAndDoSelect(long) @bci=37, line=87 (Interpreted frame)
 - sun.nio.ch.SelectorImpl.select(long) @bci=30, line=98 (Interpreted frame)
 - com.gigaspaces.lrmi.nio.selector.handler.AbstractSelectorThread.doSelect() @bci=17, line=62 (Interpreted frame)
 - com.gigaspaces.lrmi.nio.selector.handler.AbstractSelectorThread.run() @bci=25, line=51 (Interpreted frame)
 - java.lang.Thread.run() @bci=11, line=744 (Interpreted frame)


Thread 57347: (state = IN_NATIVE)
 - sun.nio.ch.KQueueArrayWrapper.kevent0(int, long, int, long) @bci=0 (Interpreted frame)
 - sun.nio.ch.KQueueArrayWrapper.poll(long) @bci=17, line=200 (Interpreted frame)
 - sun.nio.ch.KQueueSelectorImpl.doSelect(long) @bci=30, line=103 (Interpreted frame)
 - sun.nio.ch.SelectorImpl.lockAndDoSelect(long) @bci=37, line=87 (Interpreted frame)
 - sun.nio.ch.SelectorImpl.select(long) @bci=30, line=98 (Interpreted frame)
 - com.gigaspaces.lrmi.nio.selector.handler.AbstractSelectorThread.doSelect() @bci=17, line=62 (Interpreted frame)
 - com.gigaspaces.lrmi.nio.selector.handler.AbstractSelectorThread.run() @bci=25, line=51 (Interpreted frame)
 - java.lang.Thread.run() @bci=11, line=744 (Interpreted frame)


Thread 56835: (state = IN_NATIVE)
 - sun.nio.ch.KQueueArrayWrapper.kevent0(int, long, int, long) @bci=0 (Interpreted frame)
 - sun.nio.ch.KQueueArrayWrapper.poll(long) @bci=17, line=200 (Interpreted frame)
 - sun.nio.ch.KQueueSelectorImpl.doSelect(long) @bci=30, line=103 (Interpreted frame)
 - sun.nio.ch.SelectorImpl.lockAndDoSelect(long) @bci=37, line=87 (Interpreted frame)
 - sun.nio.ch.SelectorImpl.select(long) @bci=30, line=98 (Interpreted frame)
 - com.gigaspaces.lrmi.nio.selector.handler.AbstractSelectorThread.doSelect() @bci=17, line=62 (Interpreted frame)
 - com.gigaspaces.lrmi.nio.selector.handler.AbstractSelectorThread.run() @bci=25, line=51 (Interpreted frame)
 - java.lang.Thread.run() @bci=11, line=744 (Interpreted frame)


Thread 56323: (state = BLOCKED)
 - sun.misc.Unsafe.park(boolean, long) @bci=0 (Interpreted frame)
 - java.util.concurrent.locks.LockSupport.park(java.lang.Object) @bci=14, line=186 (Interpreted frame)
 - java.util.concurrent.locks.AbstractQueuedSynchronizer$ConditionObject.await() @bci=42, line=2043 (Interpreted frame)
 - java.util.concurrent.LinkedBlockingQueue.take() @bci=29, line=442 (Interpreted frame)
 - java.util.concurrent.ThreadPoolExecutor.getTask() @bci=156, line=1068 (Interpreted frame)
 - java.util.concurrent.ThreadPoolExecutor.runWorker(java.util.concurrent.ThreadPoolExecutor$Worker) @bci=26, line=1130 (Interpreted frame)
 - java.util.concurrent.ThreadPoolExecutor$Worker.run() @bci=5, line=615 (Interpreted frame)
 - java.lang.Thread.run() @bci=11, line=744 (Interpreted frame)


Thread 55811: (state = BLOCKED)
 - java.lang.Object.wait(long) @bci=0 (Interpreted frame)
 - com.gigaspaces.internal.server.space.TemplateExpirationManager$Timer.run() @bci=275, line=285 (Interpreted frame)


Thread 55299: (state = BLOCKED)
 - java.lang.Object.wait(long) @bci=0 (Interpreted frame)
 - com.j_spaces.core.LeaseManager$LeaseReaper.fallAsleep() @bci=128, line=1123 (Interpreted frame)
 - com.j_spaces.core.LeaseManager$LeaseReaper.run() @bci=8, line=1004 (Interpreted frame)


Thread 54279: (state = BLOCKED)
 - java.lang.Object.wait(long) @bci=0 (Interpreted frame)
 - com.j_spaces.core.cache.PersistentGC.run() @bci=41, line=67 (Interpreted frame)


Thread 54787: (state = BLOCKED)
 - java.lang.Object.wait(long) @bci=0 (Interpreted frame)
 - com.sun.jini.thread.TaskManager$TaskThread.run() @bci=115, line=393 (Interpreted frame)


Thread 53767: (state = BLOCKED)
 - java.lang.Object.wait(long) @bci=0 (Interpreted frame)
 - com.sun.jini.thread.TaskManager$TaskThread.run() @bci=115, line=393 (Interpreted frame)


Thread 53251: (state = BLOCKED)
 - java.lang.Object.wait(long) @bci=0 (Interpreted frame)
 - net.jini.discovery.LookupDiscovery$AnnouncementTimerThread.run() @bci=27, line=1414 (Interpreted frame)


Thread 52739: (state = IN_NATIVE)
 - java.net.PlainDatagramSocketImpl.receive0(java.net.DatagramPacket) @bci=0 (Interpreted frame)
 - java.net.AbstractPlainDatagramSocketImpl.receive(java.net.DatagramPacket) @bci=2, line=145 (Interpreted frame)
 - java.net.DatagramSocket.receive(java.net.DatagramPacket) @bci=290, line=786 (Interpreted frame)
 - net.jini.discovery.LookupDiscovery$AnnouncementListener.run() @bci=132, line=1178 (Interpreted frame)


Thread 52227: (state = BLOCKED)
 - java.lang.Thread.sleep(long) @bci=0 (Interpreted frame)
 - net.jini.discovery.LookupDiscovery$Requestor.run() @bci=145, line=1364 (Interpreted frame)


Thread 51715: (state = IN_NATIVE)
 - java.net.PlainSocketImpl.socketAccept(java.net.SocketImpl) @bci=0 (Interpreted frame)
 - java.net.AbstractPlainSocketImpl.accept(java.net.SocketImpl) @bci=7, line=398 (Interpreted frame)
 - java.net.ServerSocket.implAccept(java.net.Socket) @bci=60, line=530 (Interpreted frame)
 - java.net.ServerSocket.accept() @bci=48, line=498 (Interpreted frame)
 - net.jini.discovery.LookupDiscovery$ResponseListener.run() @bci=19, line=1254 (Interpreted frame)


Thread 51203: (state = BLOCKED)
 - sun.misc.Unsafe.park(boolean, long) @bci=0 (Interpreted frame)
 - java.util.concurrent.locks.LockSupport.park(java.lang.Object) @bci=14, line=186 (Interpreted frame)
 - java.util.concurrent.locks.AbstractQueuedSynchronizer$ConditionObject.await() @bci=42, line=2043 (Interpreted frame)
 - java.util.concurrent.LinkedBlockingQueue.take() @bci=29, line=442 (Interpreted frame)
 - java.util.concurrent.ThreadPoolExecutor.getTask() @bci=156, line=1068 (Interpreted frame)
 - java.util.concurrent.ThreadPoolExecutor.runWorker(java.util.concurrent.ThreadPoolExecutor$Worker) @bci=26, line=1130 (Interpreted frame)
 - java.util.concurrent.ThreadPoolExecutor$Worker.run() @bci=5, line=615 (Interpreted frame)
 - java.lang.Thread.run() @bci=11, line=744 (Interpreted frame)


Thread 50691: (state = BLOCKED)
 - java.lang.Object.wait(long) @bci=0 (Interpreted frame)
 - com.gigaspaces.internal.server.space.events.BatchNotifyExecutor$BatchNotifyThread.run() @bci=145, line=437 (Interpreted frame)


Thread 50179: (state = BLOCKED)
 - java.lang.Object.wait(long) @bci=0 (Interpreted frame)
 - com.j_spaces.kernel.ScheduledRunner.fallAsleep() @bci=5, line=129 (Interpreted frame)
 - com.j_spaces.kernel.ScheduledRunner.run() @bci=29, line=95 (Interpreted frame)


Thread 49667: (state = BLOCKED)
 - sun.misc.Unsafe.park(boolean, long) @bci=0 (Interpreted frame)
 - java.util.concurrent.locks.LockSupport.park(java.lang.Object) @bci=14, line=186 (Interpreted frame)
 - java.util.concurrent.locks.AbstractQueuedSynchronizer$ConditionObject.await() @bci=42, line=2043 (Interpreted frame)
 - java.util.concurrent.LinkedBlockingQueue.take() @bci=29, line=442 (Interpreted frame)
 - java.util.concurrent.ThreadPoolExecutor.getTask() @bci=156, line=1068 (Interpreted frame)
 - java.util.concurrent.ThreadPoolExecutor.runWorker(java.util.concurrent.ThreadPoolExecutor$Worker) @bci=26, line=1130 (Interpreted frame)
 - java.util.concurrent.ThreadPoolExecutor$Worker.run() @bci=5, line=615 (Interpreted frame)
 - java.lang.Thread.run() @bci=11, line=744 (Interpreted frame)


Thread 49155: (state = BLOCKED)
 - sun.misc.Unsafe.park(boolean, long) @bci=0 (Interpreted frame)
 - java.util.concurrent.locks.LockSupport.park(java.lang.Object) @bci=14, line=186 (Interpreted frame)
 - java.util.concurrent.locks.AbstractQueuedSynchronizer$ConditionObject.await() @bci=42, line=2043 (Interpreted frame)
 - java.util.concurrent.LinkedBlockingQueue.take() @bci=29, line=442 (Interpreted frame)
 - com.j_spaces.core.fifo.DefaultFifoBackgroundDispatcher$BackgroundFifoThread.run() @bci=98, line=171 (Interpreted frame)


Thread 48643: (state = BLOCKED)
 - sun.misc.Unsafe.park(boolean, long) @bci=0 (Interpreted frame)
 - java.util.concurrent.locks.LockSupport.park(java.lang.Object) @bci=14, line=186 (Interpreted frame)
 - java.util.concurrent.locks.AbstractQueuedSynchronizer$ConditionObject.await() @bci=42, line=2043 (Interpreted frame)
 - java.util.concurrent.LinkedBlockingQueue.take() @bci=29, line=442 (Interpreted frame)
 - com.j_spaces.core.fifo.DefaultFifoBackgroundDispatcher$BackgroundFifoThread.run() @bci=98, line=171 (Interpreted frame)


Thread 48131: (state = BLOCKED)
 - sun.misc.Unsafe.park(boolean, long) @bci=0 (Interpreted frame)
 - java.util.concurrent.locks.LockSupport.park(java.lang.Object) @bci=14, line=186 (Interpreted frame)
 - java.util.concurrent.locks.AbstractQueuedSynchronizer$ConditionObject.await() @bci=42, line=2043 (Interpreted frame)
 - java.util.concurrent.LinkedBlockingQueue.take() @bci=29, line=442 (Interpreted frame)
 - com.j_spaces.core.fifo.DefaultFifoBackgroundDispatcher$BackgroundFifoThread.run() @bci=98, line=171 (Interpreted frame)


Thread 47619: (state = BLOCKED)
 - sun.misc.Unsafe.park(boolean, long) @bci=0 (Interpreted frame)
 - java.util.concurrent.locks.LockSupport.park(java.lang.Object) @bci=14, line=186 (Interpreted frame)
 - java.util.concurrent.locks.AbstractQueuedSynchronizer$ConditionObject.await() @bci=42, line=2043 (Interpreted frame)
 - java.util.concurrent.LinkedBlockingQueue.take() @bci=29, line=442 (Interpreted frame)
 - com.j_spaces.core.fifo.DefaultFifoBackgroundDispatcher$BackgroundFifoThread.run() @bci=98, line=171 (Interpreted frame)


Thread 47107: (state = BLOCKED)
 - sun.misc.Unsafe.park(boolean, long) @bci=0 (Interpreted frame)
 - java.util.concurrent.locks.LockSupport.park(java.lang.Object) @bci=14, line=186 (Interpreted frame)
 - java.util.concurrent.locks.AbstractQueuedSynchronizer$ConditionObject.await() @bci=42, line=2043 (Interpreted frame)
 - java.util.concurrent.LinkedBlockingQueue.take() @bci=29, line=442 (Interpreted frame)
 - com.j_spaces.core.fifo.DefaultFifoBackgroundDispatcher$BackgroundFifoThread.run() @bci=98, line=171 (Interpreted frame)


Thread 46595: (state = BLOCKED)
 - sun.misc.Unsafe.park(boolean, long) @bci=0 (Interpreted frame)
 - java.util.concurrent.locks.LockSupport.park(java.lang.Object) @bci=14, line=186 (Interpreted frame)
 - java.util.concurrent.locks.AbstractQueuedSynchronizer$ConditionObject.await() @bci=42, line=2043 (Interpreted frame)
 - java.util.concurrent.LinkedBlockingQueue.take() @bci=29, line=442 (Interpreted frame)
 - com.j_spaces.core.fifo.DefaultFifoBackgroundDispatcher$BackgroundFifoThread.run() @bci=98, line=171 (Interpreted frame)


Thread 46083: (state = BLOCKED)
 - sun.misc.Unsafe.park(boolean, long) @bci=0 (Interpreted frame)
 - java.util.concurrent.locks.LockSupport.park(java.lang.Object) @bci=14, line=186 (Interpreted frame)
 - java.util.concurrent.locks.AbstractQueuedSynchronizer$ConditionObject.await() @bci=42, line=2043 (Interpreted frame)
 - java.util.concurrent.LinkedBlockingQueue.take() @bci=29, line=442 (Interpreted frame)
 - com.j_spaces.core.fifo.DefaultFifoBackgroundDispatcher$BackgroundFifoThread.run() @bci=98, line=171 (Interpreted frame)


Thread 45571: (state = BLOCKED)
 - sun.misc.Unsafe.park(boolean, long) @bci=0 (Interpreted frame)
 - java.util.concurrent.locks.LockSupport.park(java.lang.Object) @bci=14, line=186 (Interpreted frame)
 - java.util.concurrent.locks.AbstractQueuedSynchronizer$ConditionObject.await() @bci=42, line=2043 (Interpreted frame)
 - java.util.concurrent.LinkedBlockingQueue.take() @bci=29, line=442 (Interpreted frame)
 - com.j_spaces.core.fifo.DefaultFifoBackgroundDispatcher$BackgroundFifoThread.run() @bci=98, line=171 (Interpreted frame)


Thread 45059: (state = BLOCKED)
 - sun.misc.Unsafe.park(boolean, long) @bci=0 (Interpreted frame)
 - java.util.concurrent.locks.LockSupport.park(java.lang.Object) @bci=14, line=186 (Interpreted frame)
 - java.util.concurrent.locks.AbstractQueuedSynchronizer$ConditionObject.await() @bci=42, line=2043 (Interpreted frame)
 - java.util.concurrent.LinkedBlockingQueue.take() @bci=29, line=442 (Interpreted frame)
 - com.j_spaces.core.fifo.DefaultFifoBackgroundDispatcher$BackgroundFifoThread.run() @bci=98, line=171 (Interpreted frame)


Thread 44547: (state = BLOCKED)
 - sun.misc.Unsafe.park(boolean, long) @bci=0 (Interpreted frame)
 - java.util.concurrent.locks.LockSupport.park(java.lang.Object) @bci=14, line=186 (Interpreted frame)
 - java.util.concurrent.locks.AbstractQueuedSynchronizer$ConditionObject.await() @bci=42, line=2043 (Interpreted frame)
 - java.util.concurrent.LinkedBlockingQueue.take() @bci=29, line=442 (Interpreted frame)
 - com.j_spaces.core.fifo.DefaultFifoBackgroundDispatcher$BackgroundFifoThread.run() @bci=98, line=171 (Interpreted frame)


Thread 44035: (state = BLOCKED)
 - sun.misc.Unsafe.park(boolean, long) @bci=0 (Interpreted frame)
 - java.util.concurrent.locks.LockSupport.park(java.lang.Object) @bci=14, line=186 (Interpreted frame)
 - java.util.concurrent.locks.AbstractQueuedSynchronizer$ConditionObject.await() @bci=42, line=2043 (Interpreted frame)
 - java.util.concurrent.LinkedBlockingQueue.take() @bci=29, line=442 (Interpreted frame)
 - com.j_spaces.core.fifo.DefaultFifoBackgroundDispatcher$BackgroundFifoThread.run() @bci=98, line=171 (Interpreted frame)


Thread 43523: (state = BLOCKED)
 - sun.misc.Unsafe.park(boolean, long) @bci=0 (Interpreted frame)
 - java.util.concurrent.locks.LockSupport.park(java.lang.Object) @bci=14, line=186 (Interpreted frame)
 - java.util.concurrent.locks.AbstractQueuedSynchronizer$ConditionObject.await() @bci=42, line=2043 (Interpreted frame)
 - java.util.concurrent.LinkedBlockingQueue.take() @bci=29, line=442 (Interpreted frame)
 - com.j_spaces.core.fifo.DefaultFifoBackgroundDispatcher$BackgroundFifoThread.run() @bci=98, line=171 (Interpreted frame)


Thread 43011: (state = BLOCKED)
 - sun.misc.Unsafe.park(boolean, long) @bci=0 (Interpreted frame)
 - java.util.concurrent.locks.LockSupport.parkNanos(java.lang.Object, long) @bci=20, line=226 (Interpreted frame)
 - java.util.concurrent.locks.AbstractQueuedSynchronizer$ConditionObject.awaitNanos(long) @bci=68, line=2082 (Interpreted frame)
 - java.util.concurrent.ScheduledThreadPoolExecutor$DelayedWorkQueue.take() @bci=122, line=1090 (Interpreted frame)
 - java.util.concurrent.ScheduledThreadPoolExecutor$DelayedWorkQueue.take() @bci=1, line=807 (Interpreted frame)
 - java.util.concurrent.ThreadPoolExecutor.getTask() @bci=156, line=1068 (Interpreted frame)
 - java.util.concurrent.ThreadPoolExecutor.runWorker(java.util.concurrent.ThreadPoolExecutor$Worker) @bci=26, line=1130 (Interpreted frame)
 - java.util.concurrent.ThreadPoolExecutor$Worker.run() @bci=5, line=615 (Interpreted frame)
 - java.lang.Thread.run() @bci=11, line=744 (Interpreted frame)


Thread 42499: (state = BLOCKED)
 - sun.misc.Unsafe.park(boolean, long) @bci=0 (Interpreted frame)
 - java.util.concurrent.locks.LockSupport.parkNanos(java.lang.Object, long) @bci=20, line=226 (Interpreted frame)
 - java.util.concurrent.locks.AbstractQueuedSynchronizer$ConditionObject.awaitNanos(long) @bci=68, line=2082 (Interpreted frame)
 - java.util.concurrent.ScheduledThreadPoolExecutor$DelayedWorkQueue.take() @bci=122, line=1090 (Interpreted frame)
 - java.util.concurrent.ScheduledThreadPoolExecutor$DelayedWorkQueue.take() @bci=1, line=807 (Interpreted frame)
 - java.util.concurrent.ThreadPoolExecutor.getTask() @bci=156, line=1068 (Interpreted frame)
 - java.util.concurrent.ThreadPoolExecutor.runWorker(java.util.concurrent.ThreadPoolExecutor$Worker) @bci=26, line=1130 (Interpreted frame)
 - java.util.concurrent.ThreadPoolExecutor$Worker.run() @bci=5, line=615 (Interpreted frame)
 - java.lang.Thread.run() @bci=11, line=744 (Interpreted frame)


Thread 41987: (state = IN_NATIVE)
 - java.net.SocketInputStream.socketRead0(java.io.FileDescriptor, byte[], int, int, int) @bci=0 (Interpreted frame)
 - java.net.SocketInputStream.read(byte[], int, int, int) @bci=87, line=152 (Interpreted frame)
 - java.net.SocketInputStream.read(byte[], int, int) @bci=11, line=122 (Interpreted frame)
 - java.io.BufferedInputStream.fill() @bci=175, line=235 (Interpreted frame)
 - java.io.BufferedInputStream.read() @bci=12, line=254 (Interpreted frame)
 - java.io.FilterInputStream.read() @bci=4, line=83 (Interpreted frame)
 - sun.rmi.transport.tcp.TCPTransport.handleMessages(sun.rmi.transport.Connection, boolean) @bci=25, line=538 (Interpreted frame)
 - sun.rmi.transport.tcp.TCPTransport$ConnectionHandler.run0() @bci=685, line=811 (Interpreted frame)
 - sun.rmi.transport.tcp.TCPTransport$ConnectionHandler.run() @bci=50, line=670 (Interpreted frame)
 - java.util.concurrent.ThreadPoolExecutor.runWorker(java.util.concurrent.ThreadPoolExecutor$Worker) @bci=95, line=1145 (Interpreted frame)
 - java.util.concurrent.ThreadPoolExecutor$Worker.run() @bci=5, line=615 (Interpreted frame)
 - java.lang.Thread.run() @bci=11, line=744 (Interpreted frame)


Thread 41475: (state = BLOCKED)
 - java.lang.Object.wait(long) @bci=0 (Interpreted frame)
 - com.sun.jini.thread.TaskManager$TaskThread.run() @bci=115, line=393 (Interpreted frame)


Thread 40963: (state = BLOCKED)
 - java.lang.Object.wait(long) @bci=0 (Interpreted frame)
 - com.sun.jini.reggie.GigaRegistrar$AnnounceThread.run() @bci=51, line=2151 (Interpreted frame)


Thread 40451: (state = IN_NATIVE)
 - java.net.PlainDatagramSocketImpl.receive0(java.net.DatagramPacket) @bci=0 (Interpreted frame)
 - java.net.AbstractPlainDatagramSocketImpl.receive(java.net.DatagramPacket) @bci=2, line=145 (Interpreted frame)
 - java.net.DatagramSocket.receive(java.net.DatagramPacket) @bci=290, line=786 (Interpreted frame)
 - com.sun.jini.reggie.GigaRegistrar$MulticastThread.run() @bci=156, line=1932 (Interpreted frame)


Thread 39939: (state = IN_NATIVE)
 - java.net.PlainSocketImpl.socketAccept(java.net.SocketImpl) @bci=0 (Interpreted frame)
 - java.net.AbstractPlainSocketImpl.accept(java.net.SocketImpl) @bci=7, line=398 (Interpreted frame)
 - java.net.ServerSocket.implAccept(java.net.Socket) @bci=60, line=530 (Interpreted frame)
 - java.net.ServerSocket.accept() @bci=48, line=498 (Interpreted frame)
 - com.sun.jini.reggie.GigaRegistrar$UnicastThread.run() @bci=11, line=2049 (Interpreted frame)


Thread 39427: (state = BLOCKED)
 - java.lang.Thread.sleep(long) @bci=0 (Interpreted frame)
 - com.sun.jini.reggie.GigaRegistrar$EventExpireThread.run() @bci=694, line=1741 (Interpreted frame)


Thread 38915: (state = BLOCKED)
 - java.lang.Thread.sleep(long) @bci=0 (Interpreted frame)
 - com.sun.jini.reggie.GigaRegistrar$ServiceExpireThread.run() @bci=745, line=1646 (Interpreted frame)


Thread 38403: (state = IN_NATIVE)
 - sun.nio.ch.KQueueArrayWrapper.kevent0(int, long, int, long) @bci=0 (Interpreted frame)
 - sun.nio.ch.KQueueArrayWrapper.poll(long) @bci=17, line=200 (Interpreted frame)
 - sun.nio.ch.KQueueSelectorImpl.doSelect(long) @bci=30, line=103 (Interpreted frame)
 - sun.nio.ch.SelectorImpl.lockAndDoSelect(long) @bci=37, line=87 (Interpreted frame)
 - sun.nio.ch.SelectorImpl.select(long) @bci=30, line=98 (Interpreted frame)
 - com.gigaspaces.lrmi.nio.selector.handler.AbstractSelectorThread.doSelect() @bci=17, line=62 (Interpreted frame)
 - com.gigaspaces.lrmi.nio.selector.handler.AbstractSelectorThread.run() @bci=25, line=51 (Interpreted frame)
 - java.lang.Thread.run() @bci=11, line=744 (Interpreted frame)


Thread 37891: (state = IN_NATIVE)
 - sun.nio.ch.KQueueArrayWrapper.kevent0(int, long, int, long) @bci=0 (Interpreted frame)
 - sun.nio.ch.KQueueArrayWrapper.poll(long) @bci=17, line=200 (Interpreted frame)
 - sun.nio.ch.KQueueSelectorImpl.doSelect(long) @bci=30, line=103 (Interpreted frame)
 - sun.nio.ch.SelectorImpl.lockAndDoSelect(long) @bci=37, line=87 (Interpreted frame)
 - sun.nio.ch.SelectorImpl.select(long) @bci=30, line=98 (Interpreted frame)
 - com.gigaspaces.lrmi.nio.selector.handler.AbstractSelectorThread.doSelect() @bci=17, line=62 (Interpreted frame)
 - com.gigaspaces.lrmi.nio.selector.handler.AbstractSelectorThread.run() @bci=25, line=51 (Interpreted frame)
 - java.lang.Thread.run() @bci=11, line=744 (Interpreted frame)


Thread 37379: (state = IN_NATIVE)
 - sun.nio.ch.KQueueArrayWrapper.kevent0(int, long, int, long) @bci=0 (Interpreted frame)
 - sun.nio.ch.KQueueArrayWrapper.poll(long) @bci=17, line=200 (Interpreted frame)
 - sun.nio.ch.KQueueSelectorImpl.doSelect(long) @bci=30, line=103 (Interpreted frame)
 - sun.nio.ch.SelectorImpl.lockAndDoSelect(long) @bci=37, line=87 (Interpreted frame)
 - sun.nio.ch.SelectorImpl.select(long) @bci=30, line=98 (Interpreted frame)
 - com.gigaspaces.lrmi.nio.selector.handler.AbstractSelectorThread.doSelect() @bci=17, line=62 (Interpreted frame)
 - com.gigaspaces.lrmi.nio.selector.handler.AbstractSelectorThread.run() @bci=25, line=51 (Interpreted frame)
 - java.lang.Thread.run() @bci=11, line=744 (Interpreted frame)


Thread 36867: (state = IN_NATIVE)
 - sun.nio.ch.KQueueArrayWrapper.kevent0(int, long, int, long) @bci=0 (Interpreted frame)
 - sun.nio.ch.KQueueArrayWrapper.poll(long) @bci=17, line=200 (Interpreted frame)
 - sun.nio.ch.KQueueSelectorImpl.doSelect(long) @bci=30, line=103 (Interpreted frame)
 - sun.nio.ch.SelectorImpl.lockAndDoSelect(long) @bci=37, line=87 (Interpreted frame)
 - sun.nio.ch.SelectorImpl.select(long) @bci=30, line=98 (Interpreted frame)
 - com.gigaspaces.lrmi.nio.selector.handler.AbstractSelectorThread.doSelect() @bci=17, line=62 (Interpreted frame)
 - com.gigaspaces.lrmi.nio.selector.handler.AbstractSelectorThread.run() @bci=25, line=51 (Interpreted frame)
 - java.lang.Thread.run() @bci=11, line=744 (Interpreted frame)


Thread 36355: (state = IN_NATIVE)
 - sun.nio.ch.KQueueArrayWrapper.kevent0(int, long, int, long) @bci=0 (Interpreted frame)
 - sun.nio.ch.KQueueArrayWrapper.poll(long) @bci=17, line=200 (Interpreted frame)
 - sun.nio.ch.KQueueSelectorImpl.doSelect(long) @bci=30, line=103 (Interpreted frame)
 - sun.nio.ch.SelectorImpl.lockAndDoSelect(long) @bci=37, line=87 (Interpreted frame)
 - sun.nio.ch.SelectorImpl.select(long) @bci=30, line=98 (Interpreted frame)
 - com.gigaspaces.lrmi.nio.selector.handler.AbstractSelectorThread.doSelect() @bci=17, line=62 (Interpreted frame)
 - com.gigaspaces.lrmi.nio.selector.handler.AbstractSelectorThread.run() @bci=25, line=51 (Interpreted frame)
 - java.lang.Thread.run() @bci=11, line=744 (Interpreted frame)


Thread 35843: (state = IN_NATIVE)
 - sun.nio.ch.KQueueArrayWrapper.kevent0(int, long, int, long) @bci=0 (Interpreted frame)
 - sun.nio.ch.KQueueArrayWrapper.poll(long) @bci=17, line=200 (Interpreted frame)
 - sun.nio.ch.KQueueSelectorImpl.doSelect(long) @bci=30, line=103 (Interpreted frame)
 - sun.nio.ch.SelectorImpl.lockAndDoSelect(long) @bci=37, line=87 (Interpreted frame)
 - sun.nio.ch.SelectorImpl.select(long) @bci=30, line=98 (Interpreted frame)
 - com.gigaspaces.lrmi.nio.selector.handler.AbstractSelectorThread.doSelect() @bci=17, line=62 (Interpreted frame)
 - com.gigaspaces.lrmi.nio.selector.handler.AbstractSelectorThread.run() @bci=25, line=51 (Interpreted frame)
 - java.lang.Thread.run() @bci=11, line=744 (Interpreted frame)


Thread 35331: (state = IN_NATIVE)
 - sun.nio.ch.KQueueArrayWrapper.kevent0(int, long, int, long) @bci=0 (Interpreted frame)
 - sun.nio.ch.KQueueArrayWrapper.poll(long) @bci=17, line=200 (Interpreted frame)
 - sun.nio.ch.KQueueSelectorImpl.doSelect(long) @bci=30, line=103 (Interpreted frame)
 - sun.nio.ch.SelectorImpl.lockAndDoSelect(long) @bci=37, line=87 (Interpreted frame)
 - sun.nio.ch.SelectorImpl.select(long) @bci=30, line=98 (Interpreted frame)
 - com.gigaspaces.lrmi.nio.selector.handler.AbstractSelectorThread.doSelect() @bci=17, line=62 (Interpreted frame)
 - com.gigaspaces.lrmi.nio.selector.handler.AbstractSelectorThread.run() @bci=25, line=51 (Interpreted frame)
 - java.lang.Thread.run() @bci=11, line=744 (Interpreted frame)


Thread 34819: (state = IN_NATIVE)
 - sun.nio.ch.KQueueArrayWrapper.kevent0(int, long, int, long) @bci=0 (Interpreted frame)
 - sun.nio.ch.KQueueArrayWrapper.poll(long) @bci=17, line=200 (Interpreted frame)
 - sun.nio.ch.KQueueSelectorImpl.doSelect(long) @bci=30, line=103 (Interpreted frame)
 - sun.nio.ch.SelectorImpl.lockAndDoSelect(long) @bci=37, line=87 (Interpreted frame)
 - sun.nio.ch.SelectorImpl.select(long) @bci=30, line=98 (Interpreted frame)
 - com.gigaspaces.lrmi.nio.selector.handler.AbstractSelectorThread.doSelect() @bci=17, line=62 (Interpreted frame)
 - com.gigaspaces.lrmi.nio.selector.handler.AbstractSelectorThread.run() @bci=25, line=51 (Interpreted frame)
 - java.lang.Thread.run() @bci=11, line=744 (Interpreted frame)


Thread 34307: (state = IN_NATIVE)
 - sun.nio.ch.KQueueArrayWrapper.kevent0(int, long, int, long) @bci=0 (Interpreted frame)
 - sun.nio.ch.KQueueArrayWrapper.poll(long) @bci=17, line=200 (Interpreted frame)
 - sun.nio.ch.KQueueSelectorImpl.doSelect(long) @bci=30, line=103 (Interpreted frame)
 - sun.nio.ch.SelectorImpl.lockAndDoSelect(long) @bci=37, line=87 (Interpreted frame)
 - sun.nio.ch.SelectorImpl.select(long) @bci=30, line=98 (Interpreted frame)
 - com.gigaspaces.lrmi.nio.selector.handler.AbstractSelectorThread.doSelect() @bci=17, line=62 (Interpreted frame)
 - com.gigaspaces.lrmi.nio.selector.handler.AbstractSelectorThread.run() @bci=25, line=51 (Interpreted frame)
 - java.lang.Thread.run() @bci=11, line=744 (Interpreted frame)


Thread 33795: (state = BLOCKED)
 - sun.misc.Unsafe.park(boolean, long) @bci=0 (Interpreted frame)
 - java.util.concurrent.locks.LockSupport.park(java.lang.Object) @bci=14, line=186 (Interpreted frame)
 - java.util.concurrent.locks.AbstractQueuedSynchronizer$ConditionObject.await() @bci=42, line=2043 (Interpreted frame)
 - java.util.concurrent.LinkedBlockingQueue.take() @bci=29, line=442 (Interpreted frame)
 - java.util.concurrent.ThreadPoolExecutor.getTask() @bci=156, line=1068 (Interpreted frame)
 - java.util.concurrent.ThreadPoolExecutor.runWorker(java.util.concurrent.ThreadPoolExecutor$Worker) @bci=26, line=1130 (Interpreted frame)
 - java.util.concurrent.ThreadPoolExecutor$Worker.run() @bci=5, line=615 (Interpreted frame)
 - java.lang.Thread.run() @bci=11, line=744 (Interpreted frame)


Thread 33283: (state = BLOCKED)
 - sun.misc.Unsafe.park(boolean, long) @bci=0 (Interpreted frame)
 - java.util.concurrent.locks.LockSupport.park(java.lang.Object) @bci=14, line=186 (Interpreted frame)
 - java.util.concurrent.locks.AbstractQueuedSynchronizer$ConditionObject.await() @bci=42, line=2043 (Interpreted frame)
 - java.util.concurrent.LinkedBlockingQueue.take() @bci=29, line=442 (Interpreted frame)
 - java.util.concurrent.ThreadPoolExecutor.getTask() @bci=156, line=1068 (Interpreted frame)
 - java.util.concurrent.ThreadPoolExecutor.runWorker(java.util.concurrent.ThreadPoolExecutor$Worker) @bci=26, line=1130 (Interpreted frame)
 - java.util.concurrent.ThreadPoolExecutor$Worker.run() @bci=5, line=615 (Interpreted frame)
 - java.lang.Thread.run() @bci=11, line=744 (Interpreted frame)


Thread 32771: (state = BLOCKED)
 - sun.misc.Unsafe.park(boolean, long) @bci=0 (Interpreted frame)
 - java.util.concurrent.locks.LockSupport.park(java.lang.Object) @bci=14, line=186 (Interpreted frame)
 - java.util.concurrent.locks.AbstractQueuedSynchronizer$ConditionObject.await() @bci=42, line=2043 (Interpreted frame)
 - java.util.concurrent.LinkedBlockingQueue.take() @bci=29, line=442 (Interpreted frame)
 - java.util.concurrent.ThreadPoolExecutor.getTask() @bci=156, line=1068 (Interpreted frame)
 - java.util.concurrent.ThreadPoolExecutor.runWorker(java.util.concurrent.ThreadPoolExecutor$Worker) @bci=26, line=1130 (Interpreted frame)
 - java.util.concurrent.ThreadPoolExecutor$Worker.run() @bci=5, line=615 (Interpreted frame)
 - java.lang.Thread.run() @bci=11, line=744 (Interpreted frame)


Thread 32259: (state = BLOCKED)
 - sun.misc.Unsafe.park(boolean, long) @bci=0 (Interpreted frame)
 - java.util.concurrent.locks.LockSupport.park(java.lang.Object) @bci=14, line=186 (Interpreted frame)
 - java.util.concurrent.locks.AbstractQueuedSynchronizer$ConditionObject.await() @bci=42, line=2043 (Interpreted frame)
 - java.util.concurrent.LinkedBlockingQueue.take() @bci=29, line=442 (Interpreted frame)
 - java.util.concurrent.ThreadPoolExecutor.getTask() @bci=156, line=1068 (Interpreted frame)
 - java.util.concurrent.ThreadPoolExecutor.runWorker(java.util.concurrent.ThreadPoolExecutor$Worker) @bci=26, line=1130 (Interpreted frame)
 - java.util.concurrent.ThreadPoolExecutor$Worker.run() @bci=5, line=615 (Interpreted frame)
 - java.lang.Thread.run() @bci=11, line=744 (Interpreted frame)


Thread 31747: (state = BLOCKED)
 - sun.misc.Unsafe.park(boolean, long) @bci=0 (Interpreted frame)
 - java.util.concurrent.locks.LockSupport.park(java.lang.Object) @bci=14, line=186 (Interpreted frame)
 - java.util.concurrent.locks.AbstractQueuedSynchronizer$ConditionObject.await() @bci=42, line=2043 (Interpreted frame)
 - java.util.concurrent.LinkedBlockingQueue.take() @bci=29, line=442 (Interpreted frame)
 - java.util.concurrent.ThreadPoolExecutor.getTask() @bci=156, line=1068 (Interpreted frame)
 - java.util.concurrent.ThreadPoolExecutor.runWorker(java.util.concurrent.ThreadPoolExecutor$Worker) @bci=26, line=1130 (Interpreted frame)
 - java.util.concurrent.ThreadPoolExecutor$Worker.run() @bci=5, line=615 (Interpreted frame)
 - java.lang.Thread.run() @bci=11, line=744 (Interpreted frame)


Thread 31235: (state = BLOCKED)
 - sun.misc.Unsafe.park(boolean, long) @bci=0 (Interpreted frame)
 - java.util.concurrent.locks.LockSupport.park(java.lang.Object) @bci=14, line=186 (Interpreted frame)
 - java.util.concurrent.locks.AbstractQueuedSynchronizer$ConditionObject.await() @bci=42, line=2043 (Interpreted frame)
 - java.util.concurrent.LinkedBlockingQueue.take() @bci=29, line=442 (Interpreted frame)
 - java.util.concurrent.ThreadPoolExecutor.getTask() @bci=156, line=1068 (Interpreted frame)
 - java.util.concurrent.ThreadPoolExecutor.runWorker(java.util.concurrent.ThreadPoolExecutor$Worker) @bci=26, line=1130 (Interpreted frame)
 - java.util.concurrent.ThreadPoolExecutor$Worker.run() @bci=5, line=615 (Interpreted frame)
 - java.lang.Thread.run() @bci=11, line=744 (Interpreted frame)


Thread 30723: (state = BLOCKED)
 - sun.misc.Unsafe.park(boolean, long) @bci=0 (Interpreted frame)
 - java.util.concurrent.locks.LockSupport.park(java.lang.Object) @bci=14, line=186 (Interpreted frame)
 - java.util.concurrent.locks.AbstractQueuedSynchronizer$ConditionObject.await() @bci=42, line=2043 (Interpreted frame)
 - java.util.concurrent.LinkedBlockingQueue.take() @bci=29, line=442 (Interpreted frame)
 - java.util.concurrent.ThreadPoolExecutor.getTask() @bci=156, line=1068 (Interpreted frame)
 - java.util.concurrent.ThreadPoolExecutor.runWorker(java.util.concurrent.ThreadPoolExecutor$Worker) @bci=26, line=1130 (Interpreted frame)
 - java.util.concurrent.ThreadPoolExecutor$Worker.run() @bci=5, line=615 (Interpreted frame)
 - java.lang.Thread.run() @bci=11, line=744 (Interpreted frame)


Thread 30211: (state = BLOCKED)
 - sun.misc.Unsafe.park(boolean, long) @bci=0 (Interpreted frame)
 - java.util.concurrent.locks.LockSupport.park(java.lang.Object) @bci=14, line=186 (Interpreted frame)
 - java.util.concurrent.locks.AbstractQueuedSynchronizer$ConditionObject.await() @bci=42, line=2043 (Interpreted frame)
 - java.util.concurrent.LinkedBlockingQueue.take() @bci=29, line=442 (Interpreted frame)
 - java.util.concurrent.ThreadPoolExecutor.getTask() @bci=156, line=1068 (Interpreted frame)
 - java.util.concurrent.ThreadPoolExecutor.runWorker(java.util.concurrent.ThreadPoolExecutor$Worker) @bci=26, line=1130 (Interpreted frame)
 - java.util.concurrent.ThreadPoolExecutor$Worker.run() @bci=5, line=615 (Interpreted frame)
 - java.lang.Thread.run() @bci=11, line=744 (Interpreted frame)


Thread 29699: (state = BLOCKED)
 - sun.misc.Unsafe.park(boolean, long) @bci=0 (Interpreted frame)
 - java.util.concurrent.locks.LockSupport.park(java.lang.Object) @bci=14, line=186 (Interpreted frame)
 - java.util.concurrent.locks.AbstractQueuedSynchronizer$ConditionObject.await() @bci=42, line=2043 (Interpreted frame)
 - java.util.concurrent.LinkedBlockingQueue.take() @bci=29, line=442 (Interpreted frame)
 - java.util.concurrent.ThreadPoolExecutor.getTask() @bci=156, line=1068 (Interpreted frame)
 - java.util.concurrent.ThreadPoolExecutor.runWorker(java.util.concurrent.ThreadPoolExecutor$Worker) @bci=26, line=1130 (Interpreted frame)
 - java.util.concurrent.ThreadPoolExecutor$Worker.run() @bci=5, line=615 (Interpreted frame)
 - java.lang.Thread.run() @bci=11, line=744 (Interpreted frame)


Thread 29187: (state = BLOCKED)
 - sun.misc.Unsafe.park(boolean, long) @bci=0 (Interpreted frame)
 - java.util.concurrent.locks.LockSupport.park(java.lang.Object) @bci=14, line=186 (Interpreted frame)
 - java.util.concurrent.locks.AbstractQueuedSynchronizer$ConditionObject.await() @bci=42, line=2043 (Interpreted frame)
 - java.util.concurrent.LinkedBlockingQueue.take() @bci=29, line=442 (Interpreted frame)
 - java.util.concurrent.ThreadPoolExecutor.getTask() @bci=156, line=1068 (Interpreted frame)
 - java.util.concurrent.ThreadPoolExecutor.runWorker(java.util.concurrent.ThreadPoolExecutor$Worker) @bci=26, line=1130 (Interpreted frame)
 - java.util.concurrent.ThreadPoolExecutor$Worker.run() @bci=5, line=615 (Interpreted frame)
 - java.lang.Thread.run() @bci=11, line=744 (Interpreted frame)


Thread 28675: (state = BLOCKED)
 - java.lang.Object.wait(long) @bci=0 (Interpreted frame)
 - net.jini.discovery.LookupDiscovery$AnnouncementTimerThread.run() @bci=27, line=1414 (Interpreted frame)


Thread 28163: (state = IN_NATIVE)
 - java.net.PlainDatagramSocketImpl.receive0(java.net.DatagramPacket) @bci=0 (Interpreted frame)
 - java.net.AbstractPlainDatagramSocketImpl.receive(java.net.DatagramPacket) @bci=2, line=145 (Interpreted frame)
 - java.net.DatagramSocket.receive(java.net.DatagramPacket) @bci=290, line=786 (Interpreted frame)
 - net.jini.discovery.LookupDiscovery$AnnouncementListener.run() @bci=132, line=1178 (Interpreted frame)


Thread 27651: (state = IN_NATIVE)
 - java.net.PlainSocketImpl.socketAccept(java.net.SocketImpl) @bci=0 (Interpreted frame)
 - java.net.AbstractPlainSocketImpl.accept(java.net.SocketImpl) @bci=7, line=398 (Interpreted frame)
 - java.net.ServerSocket.implAccept(java.net.Socket) @bci=60, line=530 (Interpreted frame)
 - java.net.ServerSocket.accept() @bci=48, line=498 (Interpreted frame)
 - org.jini.rio.tools.webster.Webster.run() @bci=19, line=489 (Interpreted frame)
 - java.lang.Thread.run() @bci=11, line=744 (Interpreted frame)


Thread 27139: (state = IN_NATIVE)
 - java.net.PlainSocketImpl.socketAccept(java.net.SocketImpl) @bci=0 (Interpreted frame)
 - java.net.AbstractPlainSocketImpl.accept(java.net.SocketImpl) @bci=7, line=398 (Interpreted frame)
 - java.net.ServerSocket.implAccept(java.net.Socket) @bci=60, line=530 (Interpreted frame)
 - java.net.ServerSocket.accept() @bci=48, line=498 (Interpreted frame)
 - sun.rmi.transport.tcp.TCPTransport$AcceptLoop.executeAcceptLoop() @bci=55, line=388 (Interpreted frame)
 - sun.rmi.transport.tcp.TCPTransport$AcceptLoop.run() @bci=1, line=360 (Interpreted frame)
 - java.lang.Thread.run() @bci=11, line=744 (Interpreted frame)


Thread 26627: (state = BLOCKED)
 - java.lang.Object.wait(long) @bci=0 (Interpreted frame)
 - java.lang.Object.wait() @bci=2, line=503 (Interpreted frame)
 - com.sun.jini.mahalo.TxnManagerImpl.settleTxns() @bci=111, line=1402 (Interpreted frame)
 - com.sun.jini.mahalo.TxnManagerImpl.access$200(com.sun.jini.mahalo.TxnManagerImpl) @bci=1, line=111 (Interpreted frame)
 - com.sun.jini.mahalo.TxnManagerImpl$2.run() @bci=4, line=707 (Interpreted frame)


Thread 26115: (state = BLOCKED)
 - sun.misc.Unsafe.park(boolean, long) @bci=0 (Interpreted frame)
 - java.util.concurrent.locks.LockSupport.park(java.lang.Object) @bci=14, line=186 (Interpreted frame)
 - java.util.concurrent.locks.AbstractQueuedSynchronizer$ConditionObject.await() @bci=42, line=2043 (Interpreted frame)
 - java.util.concurrent.LinkedBlockingQueue.take() @bci=29, line=442 (Interpreted frame)
 - java.util.concurrent.ThreadPoolExecutor.getTask() @bci=156, line=1068 (Interpreted frame)
 - java.util.concurrent.ThreadPoolExecutor.runWorker(java.util.concurrent.ThreadPoolExecutor$Worker) @bci=26, line=1130 (Interpreted frame)
 - java.util.concurrent.ThreadPoolExecutor$Worker.run() @bci=5, line=615 (Interpreted frame)
 - java.lang.Thread.run() @bci=11, line=744 (Interpreted frame)


Thread 25603: (state = BLOCKED)
 - sun.misc.Unsafe.park(boolean, long) @bci=0 (Interpreted frame)
 - java.util.concurrent.locks.LockSupport.park(java.lang.Object) @bci=14, line=186 (Interpreted frame)
 - java.util.concurrent.locks.AbstractQueuedSynchronizer$ConditionObject.await() @bci=42, line=2043 (Interpreted frame)
 - java.util.concurrent.LinkedBlockingQueue.take() @bci=29, line=442 (Interpreted frame)
 - java.util.concurrent.ThreadPoolExecutor.getTask() @bci=156, line=1068 (Interpreted frame)
 - java.util.concurrent.ThreadPoolExecutor.runWorker(java.util.concurrent.ThreadPoolExecutor$Worker) @bci=26, line=1130 (Interpreted frame)
 - java.util.concurrent.ThreadPoolExecutor$Worker.run() @bci=5, line=615 (Interpreted frame)
 - java.lang.Thread.run() @bci=11, line=744 (Interpreted frame)


Thread 25091: (state = BLOCKED)
 - sun.misc.Unsafe.park(boolean, long) @bci=0 (Interpreted frame)
 - java.util.concurrent.locks.LockSupport.park(java.lang.Object) @bci=14, line=186 (Interpreted frame)
 - java.util.concurrent.locks.AbstractQueuedSynchronizer$ConditionObject.await() @bci=42, line=2043 (Interpreted frame)
 - java.util.concurrent.LinkedBlockingQueue.take() @bci=29, line=442 (Interpreted frame)
 - java.util.concurrent.ThreadPoolExecutor.getTask() @bci=156, line=1068 (Interpreted frame)
 - java.util.concurrent.ThreadPoolExecutor.runWorker(java.util.concurrent.ThreadPoolExecutor$Worker) @bci=26, line=1130 (Interpreted frame)
 - java.util.concurrent.ThreadPoolExecutor$Worker.run() @bci=5, line=615 (Interpreted frame)
 - java.lang.Thread.run() @bci=11, line=744 (Interpreted frame)


Thread 24579: (state = BLOCKED)
 - sun.misc.Unsafe.park(boolean, long) @bci=0 (Interpreted frame)
 - java.util.concurrent.locks.LockSupport.park(java.lang.Object) @bci=14, line=186 (Interpreted frame)
 - java.util.concurrent.locks.AbstractQueuedSynchronizer$ConditionObject.await() @bci=42, line=2043 (Interpreted frame)
 - java.util.concurrent.LinkedBlockingQueue.take() @bci=29, line=442 (Interpreted frame)
 - java.util.concurrent.ThreadPoolExecutor.getTask() @bci=156, line=1068 (Interpreted frame)
 - java.util.concurrent.ThreadPoolExecutor.runWorker(java.util.concurrent.ThreadPoolExecutor$Worker) @bci=26, line=1130 (Interpreted frame)
 - java.util.concurrent.ThreadPoolExecutor$Worker.run() @bci=5, line=615 (Interpreted frame)
 - java.lang.Thread.run() @bci=11, line=744 (Interpreted frame)


Thread 24071: (state = BLOCKED)
 - java.lang.Object.wait(long) @bci=0 (Interpreted frame)
 - java.lang.ref.ReferenceQueue.remove(long) @bci=44, line=135 (Interpreted frame)
 - java.lang.ref.ReferenceQueue.remove() @bci=2, line=151 (Interpreted frame)
 - com.gigaspaces.internal.utils.collections.SelfCleaningTable$Cleaner.run() @bci=11, line=322 (Interpreted frame)


Thread 22275: (state = IN_NATIVE)
 - java.net.SocketInputStream.socketRead0(java.io.FileDescriptor, byte[], int, int, int) @bci=0 (Interpreted frame)
 - java.net.SocketInputStream.read(byte[], int, int, int) @bci=87, line=152 (Interpreted frame)
 - java.net.SocketInputStream.read(byte[], int, int) @bci=11, line=122 (Interpreted frame)
 - sun.nio.cs.StreamDecoder.readBytes() @bci=135, line=283 (Interpreted frame)
 - sun.nio.cs.StreamDecoder.implRead(char[], int, int) @bci=112, line=325 (Interpreted frame)
 - sun.nio.cs.StreamDecoder.read(char[], int, int) @bci=180, line=177 (Interpreted frame)
 - java.io.InputStreamReader.read(char[], int, int) @bci=7, line=184 (Interpreted frame)
 - java.io.BufferedReader.fill() @bci=145, line=154 (Interpreted frame)
 - java.io.BufferedReader.readLine(boolean) @bci=44, line=317 (Interpreted frame)
 - java.io.BufferedReader.readLine() @bci=2, line=382 (Interpreted frame)
 - org.eclipse.jdt.internal.junit.runner.RemoteTestRunner$ReaderThread.run() @bci=9, line=140 (Interpreted frame)


Thread 19715: (state = BLOCKED)


Thread 14595: (state = BLOCKED)
 - java.lang.Object.wait(long) @bci=0 (Interpreted frame)
 - java.lang.ref.ReferenceQueue.remove(long) @bci=44, line=135 (Interpreted frame)
 - java.lang.ref.ReferenceQueue.remove() @bci=2, line=151 (Interpreted frame)
 - java.lang.ref.Finalizer$FinalizerThread.run() @bci=16, line=189 (Interpreted frame)


Thread 14083: (state = BLOCKED)
 - java.lang.Object.wait(long) @bci=0 (Interpreted frame)
 - java.lang.Object.wait() @bci=2, line=503 (Interpreted frame)
 - java.lang.ref.Reference$ReferenceHandler.run() @bci=46, line=133 (Interpreted frame)


Thread 6403: (state = BLOCKED)
 - sun.misc.Unsafe.park(boolean, long) @bci=0 (Interpreted frame)
 - java.util.concurrent.locks.LockSupport.park(java.lang.Object) @bci=14, line=186 (Interpreted frame)
 - java.util.concurrent.locks.AbstractQueuedSynchronizer.parkAndCheckInterrupt() @bci=1, line=834 (Interpreted frame)
 - java.util.concurrent.locks.AbstractQueuedSynchronizer.doAcquireSharedInterruptibly(int) @bci=72, line=994 (Interpreted frame)
 - java.util.concurrent.locks.AbstractQueuedSynchronizer.acquireSharedInterruptibly(int) @bci=24, line=1303 (Interpreted frame)
 - java.util.concurrent.CountDownLatch.await() @bci=5, line=236 (Interpreted frame)
 - scala.gs.SpaceOrderTest$TestObserver.onSubscribe() @bci=4, line=52 (Interpreted frame)
 - scala.testutils.Observable.subscribe(scala.testutils.Observer) @bci=6, line=27 (Interpreted frame)
 - scala.gs.SpaceOrderTest.assertProcessed(scala.Function0, scala.Function1) @bci=19, line=32 (Interpreted frame)
 - scala.gs.SpaceOrderTest$$anonfun$1$$anonfun$apply$mcV$sp$1.apply$mcV$sp() @bci=42, line=44 (Interpreted frame)
 - scala.gs.SpaceOrderTest$$anonfun$1$$anonfun$apply$mcV$sp$1.apply() @bci=1, line=37 (Interpreted frame)
 - scala.gs.SpaceOrderTest$$anonfun$1$$anonfun$apply$mcV$sp$1.apply() @bci=1, line=37 (Interpreted frame)
 - org.scalatest.FunSpec$$anon$1.apply() @bci=10, line=1786 (Interpreted frame)
 - org.scalatest.Suite$class.withFixture(org.scalatest.Suite, org.scalatest.Suite$NoArgTest) @bci=1, line=1099 (Interpreted frame)
 - scala.gs.SpaceOrderTest.withFixture(org.scalatest.Suite$NoArgTest) @bci=2, line=19 (Interpreted frame)
 - org.scalatest.FunSpec$class.invokeWithFixture$1(org.scalatest.FunSpec, org.scalatest.SuperEngine$TestLeaf, java.lang.String, org.scalatest.Args) @bci=29, line=1783 (Interpreted frame)
 - org.scalatest.FunSpec$$anonfun$runTest$1.apply(org.scalatest.SuperEngine$TestLeaf) @bci=13, line=1795 (Interpreted frame)
 - org.scalatest.FunSpec$$anonfun$runTest$1.apply(java.lang.Object) @bci=5, line=1795 (Interpreted frame)
 - org.scalatest.SuperEngine.runTestImpl(org.scalatest.Suite, java.lang.String, org.scalatest.Args, boolean, scala.Function1) @bci=336, line=234 (Interpreted frame)
 - org.scalatest.FunSpec$class.runTest(org.scalatest.FunSpec, java.lang.String, org.scalatest.Args) @bci=20, line=1795 (Interpreted frame)
 - scala.gs.SpaceOrderTest.runTest(java.lang.String, org.scalatest.Args) @bci=3, line=19 (Interpreted frame)
 - org.scalatest.FunSpec$$anonfun$runTests$1.apply(java.lang.String, org.scalatest.Args) @bci=6, line=1827 (Interpreted frame)
 - org.scalatest.FunSpec$$anonfun$runTests$1.apply(java.lang.Object, java.lang.Object) @bci=9, line=1827 (Interpreted frame)
 - org.scalatest.SuperEngine$$anonfun$traverseSubNodes$1$1.apply(org.scalatest.SuperEngine$Node) @bci=303, line=330 (Interpreted frame)
 - org.scalatest.SuperEngine$$anonfun$traverseSubNodes$1$1.apply(java.lang.Object) @bci=5, line=318 (Interpreted frame)
 - scala.collection.immutable.List.foreach(scala.Function1) @bci=15, line=318 (Interpreted frame)
 - org.scalatest.SuperEngine.traverseSubNodes$1(org.scalatest.Suite, org.scalatest.SuperEngine$Branch, org.scalatest.Args, boolean, scala.Function2, org.scalatest.Stopper, scala.collection.mutable.ListBuffer) @bci=26, line=318 (Interpreted frame)
 - org.scalatest.SuperEngine.org$scalatest$SuperEngine$$runTestsInBranch(org.scalatest.Suite, org.scalatest.SuperEngine$Branch, org.scalatest.Args, boolean, scala.Function2) @bci=120, line=309 (Interpreted frame)
 - org.scalatest.SuperEngine$$anonfun$traverseSubNodes$1$1.apply(org.scalatest.SuperEngine$Node) @bci=550, line=338 (Interpreted frame)
 - org.scalatest.SuperEngine$$anonfun$traverseSubNodes$1$1.apply(java.lang.Object) @bci=5, line=318 (Interpreted frame)
 - scala.collection.immutable.List.foreach(scala.Function1) @bci=15, line=318 (Interpreted frame)
 - org.scalatest.SuperEngine.traverseSubNodes$1(org.scalatest.Suite, org.scalatest.SuperEngine$Branch, org.scalatest.Args, boolean, scala.Function2, org.scalatest.Stopper, scala.collection.mutable.ListBuffer) @bci=26, line=318 (Interpreted frame)
 - org.scalatest.SuperEngine.org$scalatest$SuperEngine$$runTestsInBranch(org.scalatest.Suite, org.scalatest.SuperEngine$Branch, org.scalatest.Args, boolean, scala.Function2) @bci=201, line=313 (Interpreted frame)
 - org.scalatest.SuperEngine.runTestsImpl(org.scalatest.Suite, scala.Option, org.scalatest.Args, org.scalatest.Informer, boolean, scala.Function2) @bci=423, line=394 (Interpreted frame)
 - org.scalatest.FunSpec$class.runTests(org.scalatest.FunSpec, scala.Option, org.scalatest.Args) @bci=24, line=1827 (Interpreted frame)
 - scala.gs.SpaceOrderTest.runTests(scala.Option, org.scalatest.Args) @bci=3, line=19 (Interpreted frame)
 - org.scalatest.Suite$class.run(org.scalatest.Suite, scala.Option, org.scalatest.Args) @bci=181, line=1426 (Interpreted frame)
 - scala.gs.SpaceOrderTest.org$scalatest$FunSpec$$super$run(scala.Option, org.scalatest.Args) @bci=3, line=19 (Interpreted frame)
 - org.scalatest.FunSpec$$anonfun$run$1.apply(scala.Option, org.scalatest.Args) @bci=6, line=1831 (Interpreted frame)
 - org.scalatest.FunSpec$$anonfun$run$1.apply(java.lang.Object, java.lang.Object) @bci=9, line=1831 (Interpreted frame)
 - org.scalatest.SuperEngine.runImpl(org.scalatest.Suite, scala.Option, org.scalatest.Args, scala.Function2) @bci=272, line=430 (Interpreted frame)
 - org.scalatest.FunSpec$class.run(org.scalatest.FunSpec, scala.Option, org.scalatest.Args) @bci=17, line=1831 (Interpreted frame)
 - scala.gs.SpaceOrderTest.org$scalatest$BeforeAndAfterAll$$super$run(scala.Option, org.scalatest.Args) @bci=3, line=19 (Interpreted frame)
 - org.scalatest.BeforeAndAfterAll$class.run(org.scalatest.BeforeAndAfterAll, scala.Option, org.scalatest.Args) @bci=17, line=261 (Interpreted frame)
 - scala.gs.SpaceOrderTest.run(scala.Option, org.scalatest.Args) @bci=3, line=19 (Interpreted frame)
 - org.scalatest.junit.JUnitRunner.run(org.junit.runner.notification.RunNotifier) @bci=116, line=97 (Interpreted frame)
 - org.eclipse.jdt.internal.junit4.runner.JUnit4TestReference.run(org.eclipse.jdt.internal.junit.runner.TestExecution) @bci=72, line=50 (Interpreted frame)
 - org.eclipse.jdt.internal.junit.runner.TestExecution.run(org.eclipse.jdt.internal.junit.runner.ITestReference[]) @bci=17, line=38 (Interpreted frame)
 - org.eclipse.jdt.internal.junit.runner.RemoteTestRunner.runTests(java.lang.String[], java.lang.String, org.eclipse.jdt.internal.junit.runner.TestExecution) @bci=61, line=467 (Interpreted frame)
 - org.eclipse.jdt.internal.junit.runner.RemoteTestRunner.runTests(org.eclipse.jdt.internal.junit.runner.TestExecution) @bci=10, line=683 (Interpreted frame)
 - org.eclipse.jdt.internal.junit.runner.RemoteTestRunner.run() @bci=70, line=390 (Interpreted frame)
 - org.eclipse.jdt.internal.junit.runner.RemoteTestRunner.main(java.lang.String[]) @bci=14, line=197 (Interpreted frame)


